05-25 10:13:59 model_name: new
05-25 10:13:59 Domain: exp
05-25 10:13:59 source: CWRU_0,CWRU_2
05-25 10:13:59 target: JNU_2
05-25 10:13:59 data_dir: ../burning_event/dataset
05-25 10:13:59 train_mode: multi_source
05-25 10:13:59 cuda_device: 0
05-25 10:13:59 save_dir: ./ckpt
05-25 10:13:59 max_epoch: 50
05-25 10:13:59 batch_size: 32
05-25 10:13:59 num_workers: 0
05-25 10:13:59 signal_size: 2048
05-25 10:13:59 random_state: 1025
05-25 10:13:59 project: SWEEEEP
05-25 10:13:59 fac: 0
05-25 10:13:59 adv: 1
05-25 10:13:59 recon: 0
05-25 10:13:59 iet: 0
05-25 10:13:59 normlizetype: mean-std
05-25 10:13:59 opt: adam
05-25 10:13:59 lr: 0.001
05-25 10:13:59 momentum: 0.9
05-25 10:13:59 betas: (0.9, 0.999)
05-25 10:13:59 weight_decay: 0.001
05-25 10:13:59 lr_scheduler: stepLR
05-25 10:13:59 gamma: 0.2
05-25 10:13:59 steps: 20
05-25 10:13:59 tradeoff: ['exp', 'exp', 'exp']
05-25 10:13:59 dropout: 0.2
05-25 10:13:59 save: False
05-25 10:13:59 load_path: 
05-25 10:13:59 tsne: False
05-25 10:13:59 save_path: ./ckpt/new/multi_source/[CWRU_0CWRU_2]To[JNU_2]_0525-101359
05-25 10:13:59 Detect 3 classes: ['inner', 'normal', 'outer']
05-25 10:14:00 using 1 / 2 gpus
05-25 10:14:01 Source set CWRU_0 number of samples 177.
05-25 10:14:01 Source set CWRU_2 number of samples 177.
05-25 10:14:04 target training set number of samples 729.
05-25 10:14:04 target validation set number of samples 366.
05-25 10:14:04 -----Epoch 1/50-----
05-25 10:14:04 current lr: [0.001, 0.001, 0.001, 0.001, 0.001, 0.001]
