05-25 09:17:43 model_name: new
05-25 09:17:43 Domain: exp
05-25 09:17:43 source: CWRU_0,CWRU_2
05-25 09:17:43 target: JNU_2
05-25 09:17:43 data_dir: ../burning_event/dataset
05-25 09:17:43 train_mode: multi_source
05-25 09:17:43 cuda_device: 0
05-25 09:17:43 save_dir: ./ckpt
05-25 09:17:43 max_epoch: 50
05-25 09:17:43 batch_size: 32
05-25 09:17:43 num_workers: 0
05-25 09:17:43 signal_size: 2048
05-25 09:17:43 random_state: 5
05-25 09:17:43 project: SWEEEEP
05-25 09:17:43 fac: 0
05-25 09:17:43 adv: 1
05-25 09:17:43 recon: 0
05-25 09:17:43 iet: 0
05-25 09:17:43 normlizetype: mean-std
05-25 09:17:43 opt: adam
05-25 09:17:43 lr: 0.001
05-25 09:17:43 momentum: 0.9
05-25 09:17:43 betas: (0.9, 0.999)
05-25 09:17:43 weight_decay: 0.001
05-25 09:17:43 lr_scheduler: stepLR
05-25 09:17:43 gamma: 0.2
05-25 09:17:43 steps: 20
05-25 09:17:43 tradeoff: ['exp', 'exp', 'exp']
05-25 09:17:43 dropout: 0.2
05-25 09:17:43 save: False
05-25 09:17:43 load_path: 
05-25 09:17:43 tsne: False
05-25 09:17:43 save_path: ./ckpt/new/multi_source/[CWRU_0CWRU_2]To[JNU_2]_0525-091743
05-25 09:17:43 Detect 3 classes: ['inner', 'normal', 'outer']
05-25 09:17:44 using 1 / 2 gpus
05-25 09:17:46 Source set CWRU_0 number of samples 177.
05-25 09:17:46 Source set CWRU_2 number of samples 177.
05-25 09:17:48 target training set number of samples 729.
05-25 09:17:48 target validation set number of samples 366.
05-25 09:17:48 -----Epoch 1/50-----
05-25 09:17:48 current lr: [0.001, 0.001, 0.001, 0.001, 0.001, 0.001]
