05-25 09:06:33 model_name: new
05-25 09:06:33 Domain: exp
05-25 09:06:33 source: JNU_0,JNU_2
05-25 09:06:33 target: CWRU_0
05-25 09:06:33 data_dir: ../burning_event/dataset
05-25 09:06:33 train_mode: multi_source
05-25 09:06:33 cuda_device: 0
05-25 09:06:33 save_dir: ./ckpt
05-25 09:06:33 max_epoch: 50
05-25 09:06:33 batch_size: 32
05-25 09:06:33 num_workers: 0
05-25 09:06:33 signal_size: 2048
05-25 09:06:33 random_state: 331
05-25 09:06:33 project: SWEEEEP
05-25 09:06:33 fac: 0
05-25 09:06:33 adv: 1
05-25 09:06:33 recon: 0
05-25 09:06:33 iet: 0
05-25 09:06:33 normlizetype: mean-std
05-25 09:06:33 opt: adam
05-25 09:06:33 lr: 0.001
05-25 09:06:33 momentum: 0.9
05-25 09:06:33 betas: (0.9, 0.999)
05-25 09:06:33 weight_decay: 0.001
05-25 09:06:33 lr_scheduler: stepLR
05-25 09:06:33 gamma: 0.2
05-25 09:06:33 steps: 20
05-25 09:06:33 tradeoff: ['exp', 'exp', 'exp']
05-25 09:06:33 dropout: 0.2
05-25 09:06:33 save: False
05-25 09:06:33 load_path: 
05-25 09:06:33 tsne: False
05-25 09:06:33 save_path: ./ckpt/new/multi_source/[JNU_0JNU_2]To[CWRU_0]_0525-090633
05-25 09:06:33 Detect 3 classes: ['inner', 'normal', 'outer']
05-25 09:06:34 using 1 / 2 gpus
05-25 09:06:40 Source set JNU_0 number of samples 732.
05-25 09:06:40 Source set JNU_2 number of samples 732.
05-25 09:06:40 target training set number of samples 174.
05-25 09:06:40 target validation set number of samples 87.
05-25 09:06:40 -----Epoch 1/50-----
05-25 09:06:40 current lr: [0.001, 0.001, 0.001, 0.001, 0.001, 0.001]
