05-25 08:16:07 model_name: DANN
05-25 08:16:07 Domain: exp
05-25 08:16:07 source: CWRU_0,CWRU_2
05-25 08:16:07 target: JNU_2
05-25 08:16:07 data_dir: ../burning_event/dataset
05-25 08:16:07 train_mode: source_combine
05-25 08:16:07 cuda_device: 0
05-25 08:16:07 save_dir: ./ckpt
05-25 08:16:07 max_epoch: 50
05-25 08:16:07 batch_size: 32
05-25 08:16:07 num_workers: 0
05-25 08:16:07 signal_size: 2048
05-25 08:16:07 random_state: 927
05-25 08:16:07 project: experiment
05-25 08:16:07 fac: 0
05-25 08:16:07 adv: 1
05-25 08:16:07 recon: 0
05-25 08:16:07 iet: 0
05-25 08:16:07 normlizetype: mean-std
05-25 08:16:07 opt: adam
05-25 08:16:07 lr: 0.001
05-25 08:16:07 momentum: 0.9
05-25 08:16:07 betas: (0.9, 0.999)
05-25 08:16:07 weight_decay: 0.001
05-25 08:16:07 lr_scheduler: stepLR
05-25 08:16:07 gamma: 0.2
05-25 08:16:07 steps: 20
05-25 08:16:07 tradeoff: ['exp', 'exp', 'exp']
05-25 08:16:07 dropout: 0.2
05-25 08:16:07 save: False
05-25 08:16:07 load_path: 
05-25 08:16:07 tsne: False
05-25 08:16:07 save_path: ./ckpt/DANN/source_combine/[CWRU_0CWRU_2]To[JNU_2]_0525-081607
05-25 08:16:07 Detect 3 classes: ['inner', 'normal', 'outer']
05-25 08:16:08 using 1 / 2 gpus
