05-25 08:15:49 model_name: DANN
05-25 08:15:49 Domain: exp
05-25 08:15:49 source: CWRU_0,CWRU_2
05-25 08:15:49 target: JNU_2
05-25 08:15:49 data_dir: ../burning_event/dataset
05-25 08:15:49 train_mode: source_combine
05-25 08:15:49 cuda_device: 0
05-25 08:15:49 save_dir: ./ckpt
05-25 08:15:49 max_epoch: 50
05-25 08:15:49 batch_size: 32
05-25 08:15:49 num_workers: 0
05-25 08:15:49 signal_size: 2048
05-25 08:15:49 random_state: 5827
05-25 08:15:49 project: experiment
05-25 08:15:49 fac: 0
05-25 08:15:49 adv: 1
05-25 08:15:49 recon: 0
05-25 08:15:49 iet: 0
05-25 08:15:49 normlizetype: mean-std
05-25 08:15:49 opt: adam
05-25 08:15:49 lr: 0.001
05-25 08:15:49 momentum: 0.9
05-25 08:15:49 betas: (0.9, 0.999)
05-25 08:15:49 weight_decay: 0.001
05-25 08:15:49 lr_scheduler: stepLR
05-25 08:15:49 gamma: 0.2
05-25 08:15:49 steps: 20
05-25 08:15:49 tradeoff: ['exp', 'exp', 'exp']
05-25 08:15:49 dropout: 0.2
05-25 08:15:49 save: False
05-25 08:15:49 load_path: 
05-25 08:15:49 tsne: False
05-25 08:15:49 save_path: ./ckpt/DANN/source_combine/[CWRU_0CWRU_2]To[JNU_2]_0525-081549
05-25 08:15:49 Detect 3 classes: ['inner', 'normal', 'outer']
05-25 08:15:50 using 1 / 2 gpus
