05-25 08:15:58 model_name: DANN
05-25 08:15:58 Domain: exp
05-25 08:15:58 source: CWRU_0,CWRU_2
05-25 08:15:58 target: JNU_2
05-25 08:15:58 data_dir: ../burning_event/dataset
05-25 08:15:58 train_mode: source_combine
05-25 08:15:58 cuda_device: 0
05-25 08:15:58 save_dir: ./ckpt
05-25 08:15:58 max_epoch: 50
05-25 08:15:58 batch_size: 32
05-25 08:15:58 num_workers: 0
05-25 08:15:58 signal_size: 2048
05-25 08:15:58 random_state: 2463
05-25 08:15:58 project: experiment
05-25 08:15:58 fac: 0
05-25 08:15:58 adv: 1
05-25 08:15:58 recon: 0
05-25 08:15:58 iet: 0
05-25 08:15:58 normlizetype: mean-std
05-25 08:15:58 opt: adam
05-25 08:15:58 lr: 0.001
05-25 08:15:58 momentum: 0.9
05-25 08:15:58 betas: (0.9, 0.999)
05-25 08:15:58 weight_decay: 0.001
05-25 08:15:58 lr_scheduler: stepLR
05-25 08:15:58 gamma: 0.2
05-25 08:15:58 steps: 20
05-25 08:15:58 tradeoff: ['exp', 'exp', 'exp']
05-25 08:15:58 dropout: 0.2
05-25 08:15:58 save: False
05-25 08:15:58 load_path: 
05-25 08:15:58 tsne: False
05-25 08:15:58 save_path: ./ckpt/DANN/source_combine/[CWRU_0CWRU_2]To[JNU_2]_0525-081558
05-25 08:15:58 Detect 3 classes: ['inner', 'normal', 'outer']
05-25 08:15:59 using 1 / 2 gpus
