05-25 08:15:40 model_name: DANN
05-25 08:15:40 Domain: exp
05-25 08:15:40 source: CWRU_0,CWRU_2
05-25 08:15:40 target: JNU_0
05-25 08:15:40 data_dir: ../burning_event/dataset
05-25 08:15:40 train_mode: source_combine
05-25 08:15:40 cuda_device: 0
05-25 08:15:40 save_dir: ./ckpt
05-25 08:15:40 max_epoch: 50
05-25 08:15:40 batch_size: 32
05-25 08:15:40 num_workers: 0
05-25 08:15:40 signal_size: 2048
05-25 08:15:40 random_state: 2109
05-25 08:15:40 project: experiment
05-25 08:15:40 fac: 0
05-25 08:15:40 adv: 1
05-25 08:15:40 recon: 0
05-25 08:15:40 iet: 0
05-25 08:15:40 normlizetype: mean-std
05-25 08:15:40 opt: adam
05-25 08:15:40 lr: 0.001
05-25 08:15:40 momentum: 0.9
05-25 08:15:40 betas: (0.9, 0.999)
05-25 08:15:40 weight_decay: 0.001
05-25 08:15:40 lr_scheduler: stepLR
05-25 08:15:40 gamma: 0.2
05-25 08:15:40 steps: 20
05-25 08:15:40 tradeoff: ['exp', 'exp', 'exp']
05-25 08:15:40 dropout: 0.2
05-25 08:15:40 save: False
05-25 08:15:40 load_path: 
05-25 08:15:40 tsne: False
05-25 08:15:40 save_path: ./ckpt/DANN/source_combine/[CWRU_0CWRU_2]To[JNU_0]_0525-081540
05-25 08:15:40 Detect 3 classes: ['inner', 'normal', 'outer']
05-25 08:15:41 using 1 / 2 gpus
