05-25 07:28:21 model_name: CNN
05-25 07:28:21 Domain: exp
05-25 07:28:21 source: CWRU_0,CWRU_2
05-25 07:28:21 target: JNU_1
05-25 07:28:21 data_dir: /home/workspace/burning_event/dataset
05-25 07:28:21 train_mode: source_combine
05-25 07:28:21 cuda_device: 0
05-25 07:28:21 save_dir: ./ckpt
05-25 07:28:21 max_epoch: 50
05-25 07:28:21 batch_size: 32
05-25 07:28:21 num_workers: 0
05-25 07:28:21 signal_size: 2048
05-25 07:28:21 random_state: 5
05-25 07:28:21 project: SWEEEEP
05-25 07:28:21 fac: 0
05-25 07:28:21 adv: 1
05-25 07:28:21 recon: 0
05-25 07:28:21 iet: 0
05-25 07:28:21 normlizetype: mean-std
05-25 07:28:21 opt: adam
05-25 07:28:21 lr: 0.001
05-25 07:28:21 momentum: 0.9
05-25 07:28:21 betas: (0.9, 0.999)
05-25 07:28:21 weight_decay: 0.001
05-25 07:28:21 lr_scheduler: stepLR
05-25 07:28:21 gamma: 0.2
05-25 07:28:21 steps: 20
05-25 07:28:21 tradeoff: ['exp', 'exp', 'exp']
05-25 07:28:21 dropout: 0.2
05-25 07:28:21 save: False
05-25 07:28:21 load_path: 
05-25 07:28:21 tsne: False
05-25 07:28:21 save_path: ./ckpt/CNN/source_combine/[CWRU_0CWRU_2]To[JNU_1]_0525-072821
05-25 07:28:21 Detect 3 classes: ['inner', 'normal', 'outer']
05-25 07:28:22 using 1 / 2 gpus
05-25 07:28:24 Source set CWRU_0 number of samples 177.
05-25 07:28:24 Source set CWRU_2 number of samples 177.
05-25 07:28:26 target training set number of samples 729.
05-25 07:28:26 target validation set number of samples 366.
05-25 07:28:26 -----Epoch 1/50-----
05-25 07:28:26 current lr: [0.001]
