05-25 09:33:04 model_name: CNN
05-25 09:33:04 Domain: exp
05-25 09:33:04 source: CWRU_0,CWRU_2
05-25 09:33:04 target: JNU_2
05-25 09:33:04 data_dir: ../burning_event/dataset
05-25 09:33:04 train_mode: source_combine
05-25 09:33:04 cuda_device: 0
05-25 09:33:04 save_dir: ./ckpt
05-25 09:33:04 max_epoch: 50
05-25 09:33:04 batch_size: 32
05-25 09:33:04 num_workers: 0
05-25 09:33:04 signal_size: 2048
05-25 09:33:04 random_state: 5
05-25 09:33:04 project: SWEEEEP
05-25 09:33:04 fac: 0
05-25 09:33:04 adv: 1
05-25 09:33:04 recon: 0
05-25 09:33:04 iet: 0
05-25 09:33:04 normlizetype: mean-std
05-25 09:33:04 opt: adam
05-25 09:33:04 lr: 0.001
05-25 09:33:04 momentum: 0.9
05-25 09:33:04 betas: (0.9, 0.999)
05-25 09:33:04 weight_decay: 0.001
05-25 09:33:04 lr_scheduler: stepLR
05-25 09:33:04 gamma: 0.2
05-25 09:33:04 steps: 20
05-25 09:33:04 tradeoff: ['exp', 'exp', 'exp']
05-25 09:33:04 dropout: 0.2
05-25 09:33:04 save: False
05-25 09:33:04 load_path: 
05-25 09:33:04 tsne: False
05-25 09:33:04 save_path: ./ckpt/CNN/source_combine/[CWRU_0CWRU_2]To[JNU_2]_0525-093304
05-25 09:33:04 Detect 3 classes: ['inner', 'normal', 'outer']
05-25 09:33:05 using 1 / 2 gpus
05-25 09:33:06 Source set CWRU_0 number of samples 177.
05-25 09:33:06 Source set CWRU_2 number of samples 177.
05-25 09:33:08 target training set number of samples 729.
05-25 09:33:08 target validation set number of samples 366.
05-25 09:33:08 -----Epoch 1/50-----
05-25 09:33:08 current lr: [0.001]
