05-25 07:27:12 model_name: CNN
05-25 07:27:12 Domain: exp
05-25 07:27:12 source: CWRU_0,CWRU_2
05-25 07:27:12 target: JNU_1
05-25 07:27:12 data_dir: /home/workspace/burning_event/dataset
05-25 07:27:12 train_mode: source_combine
05-25 07:27:12 cuda_device: 0
05-25 07:27:12 save_dir: ./ckpt
05-25 07:27:12 max_epoch: 50
05-25 07:27:12 batch_size: 32
05-25 07:27:12 num_workers: 0
05-25 07:27:12 signal_size: 2048
05-25 07:27:12 random_state: 5
05-25 07:27:12 project: SWEEEEP
05-25 07:27:12 fac: 0
05-25 07:27:12 adv: 1
05-25 07:27:12 recon: 0
05-25 07:27:12 iet: 0
05-25 07:27:12 normlizetype: mean-std
05-25 07:27:12 opt: adam
05-25 07:27:12 lr: 0.001
05-25 07:27:12 momentum: 0.9
05-25 07:27:12 betas: (0.9, 0.999)
05-25 07:27:12 weight_decay: 0.001
05-25 07:27:12 lr_scheduler: stepLR
05-25 07:27:12 gamma: 0.2
05-25 07:27:12 steps: 20
05-25 07:27:12 tradeoff: ['exp', 'exp', 'exp']
05-25 07:27:12 dropout: 0.2
05-25 07:27:12 save: False
05-25 07:27:12 load_path: 
05-25 07:27:12 tsne: False
05-25 07:27:12 save_path: ./ckpt/CNN/source_combine/[CWRU_0CWRU_2]To[JNU_1]_0525-072712
05-25 07:27:12 Detect 3 classes: ['inner', 'normal', 'outer']
05-25 07:27:13 using 1 / 2 gpus
05-25 07:27:15 Source set CWRU_0 number of samples 177.
05-25 07:27:15 Source set CWRU_2 number of samples 177.
05-25 07:27:17 target training set number of samples 729.
05-25 07:27:17 target validation set number of samples 366.
05-25 07:27:17 -----Epoch 1/50-----
05-25 07:27:17 current lr: [0.001]
